<?xml version="1.0" encoding="UTF-8"?>
<!-- Generated by org.testng.reporters.JUnitXMLReporter -->
<testsuite hostname="ATMECSINLT-404" ignored="0" name="firefoxTest" tests="8" failures="0" timestamp="2020-10-13T11:26:56 IST" time="47.526" errors="0">
  <testcase name="@BeforeMethod beforeTest" time="4.853" classname="com.atmecs.blazedemo.basetest.BaseTest">
    <failure type="org.openqa.selenium.NoSuchWindowException" message="no such window: target window already closed
from unknown error: web view not found
  (Session info: chrome=86.0.4240.75)
Build info: version: &amp;apos;3.141.59&amp;apos;, revision: &amp;apos;e82be7d358&amp;apos;, time: &amp;apos;2018-11-14T08:17:03&amp;apos;
System info: host: &amp;apos;ATMECSINLT-404&amp;apos;, ip: &amp;apos;192.168.43.163&amp;apos;, os.name: &amp;apos;Windows 10&amp;apos;, os.arch: &amp;apos;amd64&amp;apos;, os.version: &amp;apos;10.0&amp;apos;, java.version: &amp;apos;1.8.0_241&amp;apos;
Driver info: org.openqa.selenium.chrome.ChromeDriver
Capabilities {acceptInsecureCerts: false, browserName: chrome, browserVersion: 86.0.4240.75, chrome: {chromedriverVersion: 86.0.4240.22 (398b0743353ff..., userDataDir: C:\Users\BHAVAN~1.KOR\AppDa...}, goog:chromeOptions: {debuggerAddress: localhost:51632}, javascriptEnabled: true, networkConnectionEnabled: false, pageLoadStrategy: normal, platform: WINDOWS, platformName: WINDOWS, proxy: Proxy(), setWindowRect: true, strictFileInteractability: false, timeouts: {implicit: 0, pageLoad: 300000, script: 30000}, unhandledPromptBehavior: dismiss and notify, webauthn:virtualAuthenticators: true}
Session ID: d5392ee47cb1f3d85c5c8000dc1c524e">
      <![CDATA[org.openqa.selenium.NoSuchWindowException: no such window: target window already closed
from unknown error: web view not found
  (Session info: chrome=86.0.4240.75)
Build info: version: '3.141.59', revision: 'e82be7d358', time: '2018-11-14T08:17:03'
System info: host: 'ATMECSINLT-404', ip: '192.168.43.163', os.name: 'Windows 10', os.arch: 'amd64', os.version: '10.0', java.version: '1.8.0_241'
Driver info: org.openqa.selenium.chrome.ChromeDriver
Capabilities {acceptInsecureCerts: false, browserName: chrome, browserVersion: 86.0.4240.75, chrome: {chromedriverVersion: 86.0.4240.22 (398b0743353ff..., userDataDir: C:\Users\BHAVAN~1.KOR\AppDa...}, goog:chromeOptions: {debuggerAddress: localhost:51632}, javascriptEnabled: true, networkConnectionEnabled: false, pageLoadStrategy: normal, platform: WINDOWS, platformName: WINDOWS, proxy: Proxy(), setWindowRect: true, strictFileInteractability: false, timeouts: {implicit: 0, pageLoad: 300000, script: 30000}, unhandledPromptBehavior: dismiss and notify, webauthn:virtualAuthenticators: true}
Session ID: d5392ee47cb1f3d85c5c8000dc1c524e
at org.openqa.selenium.remote.http.W3CHttpResponseCodec.createException(W3CHttpResponseCodec.java:187)
at org.openqa.selenium.remote.http.W3CHttpResponseCodec.decode(W3CHttpResponseCodec.java:122)
at org.openqa.selenium.remote.http.W3CHttpResponseCodec.decode(W3CHttpResponseCodec.java:49)
at org.openqa.selenium.remote.HttpCommandExecutor.execute(HttpCommandExecutor.java:158)
at org.openqa.selenium.remote.service.DriverCommandExecutor.execute(DriverCommandExecutor.java:83)
at org.openqa.selenium.remote.RemoteWebDriver.execute(RemoteWebDriver.java:552)
at org.openqa.selenium.remote.RemoteWebDriver.execute(RemoteWebDriver.java:609)
at org.openqa.selenium.remote.RemoteWebDriver$RemoteWebDriverOptions$RemoteWindow.maximize(RemoteWebDriver.java:837)
at com.atmecs.blazedemo.basetest.BaseTest.beforeTest(BaseTest.java:52)
at java.util.ArrayList.forEach(Unknown Source)
at java.util.concurrent.FutureTask.run(Unknown Source)
at java.util.concurrent.ThreadPoolExecutor.runWorker(Unknown Source)
at java.util.concurrent.ThreadPoolExecutor$Worker.run(Unknown Source)
at java.lang.Thread.run(Unknown Source)
... Removed 26 stack frames]]>
    </failure>
  </testcase> <!-- @BeforeMethod beforeTest -->
  <testcase name="@AfterMethod afterTest" time="-1.602568611264E9" classname="com.atmecs.blazedemo.basetest.BaseTest">
    <skipped/>
  </testcase> <!-- @AfterMethod afterTest -->
  <testcase name="@BeforeMethod beforeTest" time="-1.602568611266E9" classname="com.atmecs.blazedemo.basetest.BaseTest">
    <skipped/>
  </testcase> <!-- @BeforeMethod beforeTest -->
  <testcase name="@AfterMethod afterTest" time="-1.602568611334E9" classname="com.atmecs.blazedemo.basetest.BaseTest">
    <skipped/>
  </testcase> <!-- @AfterMethod afterTest -->
  <testcase name="@BeforeMethod beforeTest" time="4.949" classname="com.atmecs.blazedemo.basetest.BaseTest">
    <failure type="org.openqa.selenium.SessionNotCreatedException" message="session not created
from chrome not reachable
  (Session info: chrome=86.0.4240.75)
Build info: version: &amp;apos;3.141.59&amp;apos;, revision: &amp;apos;e82be7d358&amp;apos;, time: &amp;apos;2018-11-14T08:17:03&amp;apos;
System info: host: &amp;apos;ATMECSINLT-404&amp;apos;, ip: &amp;apos;192.168.43.163&amp;apos;, os.name: &amp;apos;Windows 10&amp;apos;, os.arch: &amp;apos;amd64&amp;apos;, os.version: &amp;apos;10.0&amp;apos;, java.version: &amp;apos;1.8.0_241&amp;apos;
Driver info: driver.version: ChromeDriver
remote stacktrace: Backtrace:
	Ordinal0 [0x00F3C013+3194899]
	Ordinal0 [0x00E26021+2056225]
	Ordinal0 [0x00CBF4B0+586928]
	Ordinal0 [0x00CB5894+546964]
	Ordinal0 [0x00CB5F2C+548652]
	Ordinal0 [0x00CB7175+553333]
	Ordinal0 [0x00CB241E+533534]
	Ordinal0 [0x00CC0620+591392]
	Ordinal0 [0x00C62A0C+207372]
	Ordinal0 [0x00C61D0D+204045]
	Ordinal0 [0x00C5FC1B+195611]
	Ordinal0 [0x00C43B7F+80767]
	Ordinal0 [0x00C44B4E+84814]
	Ordinal0 [0x00C44AD9+84697]
	Ordinal0 [0x00E3CE64+2149988]
	GetHandleVerifier [0x010ABE95+1400773]
	GetHandleVerifier [0x010ABB61+1399953]
	GetHandleVerifier [0x010B31FA+1430314]
	GetHandleVerifier [0x010AC69F+1402831]
	Ordinal0 [0x00E33D61+2112865]
	Ordinal0 [0x00E3E5CB+2155979]
	Ordinal0 [0x00E3E6F5+2156277]
	Ordinal0 [0x00E4F26E+2224750]
	BaseThreadInitThunk [0x75648494+36]
	RtlAreBitsSet [0x775541C8+136]
	RtlAreBitsSet [0x77554198+88]
">
      <![CDATA[org.openqa.selenium.SessionNotCreatedException: session not created
from chrome not reachable
  (Session info: chrome=86.0.4240.75)
Build info: version: '3.141.59', revision: 'e82be7d358', time: '2018-11-14T08:17:03'
System info: host: 'ATMECSINLT-404', ip: '192.168.43.163', os.name: 'Windows 10', os.arch: 'amd64', os.version: '10.0', java.version: '1.8.0_241'
Driver info: driver.version: ChromeDriver
remote stacktrace: Backtrace:
Ordinal0 [0x00F3C013+3194899]
Ordinal0 [0x00E26021+2056225]
Ordinal0 [0x00CBF4B0+586928]
Ordinal0 [0x00CB5894+546964]
Ordinal0 [0x00CB5F2C+548652]
Ordinal0 [0x00CB7175+553333]
Ordinal0 [0x00CB241E+533534]
Ordinal0 [0x00CC0620+591392]
Ordinal0 [0x00C62A0C+207372]
Ordinal0 [0x00C61D0D+204045]
Ordinal0 [0x00C5FC1B+195611]
Ordinal0 [0x00C43B7F+80767]
Ordinal0 [0x00C44B4E+84814]
Ordinal0 [0x00C44AD9+84697]
Ordinal0 [0x00E3CE64+2149988]
GetHandleVerifier [0x010ABE95+1400773]
GetHandleVerifier [0x010ABB61+1399953]
GetHandleVerifier [0x010B31FA+1430314]
GetHandleVerifier [0x010AC69F+1402831]
Ordinal0 [0x00E33D61+2112865]
Ordinal0 [0x00E3E5CB+2155979]
Ordinal0 [0x00E3E6F5+2156277]
Ordinal0 [0x00E4F26E+2224750]
BaseThreadInitThunk [0x75648494+36]
RtlAreBitsSet [0x775541C8+136]
RtlAreBitsSet [0x77554198+88]

at org.openqa.selenium.remote.W3CHandshakeResponse.lambda$errorHandler$0(W3CHandshakeResponse.java:62)
at org.openqa.selenium.remote.HandshakeResponse.lambda$getResponseFunction$0(HandshakeResponse.java:30)
at org.openqa.selenium.remote.ProtocolHandshake.lambda$createSession$0(ProtocolHandshake.java:126)
at java.util.stream.ReferencePipeline$3$1.accept(Unknown Source)
at java.util.Spliterators$ArraySpliterator.tryAdvance(Unknown Source)
at java.util.stream.ReferencePipeline.forEachWithCancel(Unknown Source)
at java.util.stream.AbstractPipeline.copyIntoWithCancel(Unknown Source)
at java.util.stream.AbstractPipeline.copyInto(Unknown Source)
at java.util.stream.AbstractPipeline.wrapAndCopyInto(Unknown Source)
at java.util.stream.FindOps$FindOp.evaluateSequential(Unknown Source)
at java.util.stream.AbstractPipeline.evaluate(Unknown Source)
at java.util.stream.ReferencePipeline.findFirst(Unknown Source)
at org.openqa.selenium.remote.ProtocolHandshake.createSession(ProtocolHandshake.java:128)
at org.openqa.selenium.remote.ProtocolHandshake.createSession(ProtocolHandshake.java:74)
at org.openqa.selenium.remote.HttpCommandExecutor.execute(HttpCommandExecutor.java:136)
at org.openqa.selenium.remote.service.DriverCommandExecutor.execute(DriverCommandExecutor.java:83)
at org.openqa.selenium.remote.RemoteWebDriver.execute(RemoteWebDriver.java:552)
at org.openqa.selenium.remote.RemoteWebDriver.startSession(RemoteWebDriver.java:213)
at org.openqa.selenium.remote.RemoteWebDriver.<init>(RemoteWebDriver.java:131)
at org.openqa.selenium.chrome.ChromeDriver.<init>(ChromeDriver.java:181)
at org.openqa.selenium.chrome.ChromeDriver.<init>(ChromeDriver.java:168)
at org.openqa.selenium.chrome.ChromeDriver.<init>(ChromeDriver.java:123)
at com.atmecs.blazedemo.basetest.BaseTest.beforeTest(BaseTest.java:40)
at java.util.ArrayList.forEach(Unknown Source)
at java.util.concurrent.FutureTask.run(Unknown Source)
at java.util.concurrent.ThreadPoolExecutor.runWorker(Unknown Source)
at java.util.concurrent.ThreadPoolExecutor$Worker.run(Unknown Source)
at java.lang.Thread.run(Unknown Source)
... Removed 26 stack frames]]>
    </failure>
  </testcase> <!-- @BeforeMethod beforeTest -->
  <testcase name="@AfterMethod afterTest" time="-1.60256861644E9" classname="com.atmecs.blazedemo.basetest.BaseTest">
    <skipped/>
  </testcase> <!-- @AfterMethod afterTest -->
  <testcase name="@BeforeMethod beforeTest" time="-1.602568616448E9" classname="com.atmecs.blazedemo.basetest.BaseTest">
    <skipped/>
  </testcase> <!-- @BeforeMethod beforeTest -->
  <testcase name="@AfterMethod afterTest" time="-1.602568616457E9" classname="com.atmecs.blazedemo.basetest.BaseTest">
    <skipped/>
  </testcase> <!-- @AfterMethod afterTest -->
  <testcase name="@BeforeMethod beforeTest" time="-1.602568616459E9" classname="com.atmecs.blazedemo.basetest.BaseTest">
    <skipped/>
  </testcase> <!-- @BeforeMethod beforeTest -->
  <testcase name="@AfterMethod afterTest" time="-1.60256861647E9" classname="com.atmecs.blazedemo.basetest.BaseTest">
    <skipped/>
  </testcase> <!-- @AfterMethod afterTest -->
  <testcase name="contactus" time="1.344" classname="com.atmecs.blazedemo.ContactTest"/>
  <testcase name="contactus" time="0.96" classname="com.atmecs.blazedemo.ContactTest"/>
  <testcase name="blazeSignUp" time="1.178" classname="com.atmecs.blazedemo.SignUpTest"/>
  <testcase name="blazeSignUp" time="0.0" classname="com.atmecs.blazedemo.SignUpTest">
    <skipped/>
  </testcase> <!-- blazeSignUp -->
  <testcase name="blazeSignUp" time="0.0" classname="com.atmecs.blazedemo.SignUpTest">
    <skipped/>
  </testcase> <!-- blazeSignUp -->
  <testcase name="blazeLogin" time="0.0" classname="com.atmecs.blazedemo.LoginTest">
    <skipped/>
  </testcase> <!-- blazeLogin -->
  <testcase name="blazeLogin" time="0.0" classname="com.atmecs.blazedemo.LoginTest">
    <skipped/>
  </testcase> <!-- blazeLogin -->
  <testcase name="blazeLogin" time="0.0" classname="com.atmecs.blazedemo.LoginTest">
    <skipped/>
  </testcase> <!-- blazeLogin -->
</testsuite> <!-- firefoxTest -->
