<?xml version="1.0" encoding="UTF-8"?>
<!-- Generated by org.testng.reporters.JUnitXMLReporter -->
<testsuite hostname="ATMECSINLT-404" ignored="0" name="parallel tests" tests="2" failures="0" timestamp="2020-10-06T22:57:24 IST" time="0.373" errors="0">
  <testcase name="@BeforeTest beforeTest" time="0.253" classname="com.atmecs.blazedemo_Paralleltest.DemoChrometest">
    <failure type="java.lang.IllegalStateException" message="The path to the driver executable must be set by the webdriver.chrome.driver system property; for more information, see https://github.com/SeleniumHQ/selenium/wiki/ChromeDriver. The latest version can be downloaded from http://chromedriver.storage.googleapis.com/index.html">
      <![CDATA[java.lang.IllegalStateException: The path to the driver executable must be set by the webdriver.chrome.driver system property; for more information, see https://github.com/SeleniumHQ/selenium/wiki/ChromeDriver. The latest version can be downloaded from http://chromedriver.storage.googleapis.com/index.html
at com.google.common.base.Preconditions.checkState(Preconditions.java:847)
at org.openqa.selenium.remote.service.DriverService.findExecutable(DriverService.java:134)
at org.openqa.selenium.chrome.ChromeDriverService.access$000(ChromeDriverService.java:35)
at org.openqa.selenium.chrome.ChromeDriverService$Builder.findDefaultExecutable(ChromeDriverService.java:159)
at org.openqa.selenium.remote.service.DriverService$Builder.build(DriverService.java:355)
at org.openqa.selenium.chrome.ChromeDriverService.createDefaultService(ChromeDriverService.java:94)
at org.openqa.selenium.chrome.ChromeDriver.<init>(ChromeDriver.java:123)
at com.atmecs.blazedemo_Paralleltest.DemoChrometest.beforeTest(DemoChrometest.java:18)
... Removed 24 stack frames]]>
    </failure>
  </testcase> <!-- @BeforeTest beforeTest -->
  <testcase name="@BeforeTest beforeTest" time="-1.602005244235E9" classname="com.atmecs.blazedemo_Paralleltest.DemoFirefoxtest">
    <skipped/>
  </testcase> <!-- @BeforeTest beforeTest -->
  <testcase name="@AfterTest afterTest" time="-1.602005244314E9" classname="com.atmecs.blazedemo_Paralleltest.DemoChrometest">
    <skipped/>
  </testcase> <!-- @AfterTest afterTest -->
  <testcase name="@AfterTest afterTest" time="-1.602005244318E9" classname="com.atmecs.blazedemo_Paralleltest.DemoFirefoxtest">
    <skipped/>
  </testcase> <!-- @AfterTest afterTest -->
  <testcase name="ChromeTestMethod" time="0.0" classname="com.atmecs.blazedemo_Paralleltest.DemoChrometest">
    <skipped/>
  </testcase> <!-- ChromeTestMethod -->
  <testcase name="FirefoxTestMethod" time="0.0" classname="com.atmecs.blazedemo_Paralleltest.DemoFirefoxtest">
    <skipped/>
  </testcase> <!-- FirefoxTestMethod -->
</testsuite> <!-- parallel tests -->
