<?xml version="1.0" encoding="UTF-8"?>
<!-- Generated by org.testng.reporters.JUnitReportReporter -->
<testsuite skipped="1" hostname="ATMECSINLT-404" name="com.atmecs.blazedemo_Paralleltest.DemoChrometest" tests="2" failures="0" timestamp="2020-10-06T23:06:04 IST" time="3.238" errors="1">
  <testcase name="ChromeTestMethod" time="0.000" classname="com.atmecs.blazedemo_Paralleltest.DemoChrometest">
    <skipped/>
  </testcase> <!-- ChromeTestMethod -->
  <system-out/>
  <testcase name="beforeTest" time="3.238" classname="com.atmecs.blazedemo_Paralleltest.DemoChrometest">
    <error type="org.openqa.selenium.SessionNotCreatedException" message="session not created: This version of ChromeDriver only supports Chrome version 83
Build info: version: &#039;3.141.59&#039;, revision: &#039;e82be7d358&#039;, time: &#039;2018-11-14T08:17:03&#039;
System info: host: &#039;ATMECSINLT-404&#039;, ip: &#039;192.168.0.104&#039;, os.name: &#039;Windows 10&#039;, os.arch: &#039;amd64&#039;, os.version: &#039;10.0&#039;, java.version: &#039;1.8.0_241&#039;
Driver info: driver.version: ChromeDriver
remote stacktrace: Backtrace:
	Ordinal0 [0x01309563+2725219]
	Ordinal0 [0x01208551+1672529]
	Ordinal0 [0x010F0359+525145]
	Ordinal0 [0x01080B77+68471]
	Ordinal0 [0x0107D32C+54060]
	Ordinal0 [0x0109CC37+183351]
	Ordinal0 [0x0109CA3D+182845]
	Ordinal0 [0x0109A94B+174411]
	Ordinal0 [0x01082528+75048]
	Ordinal0 [0x010835A0+79264]
	Ordinal0 [0x01083539+79161]
	Ordinal0 [0x0121D607+1758727]
	GetHandleVerifier [0x01426546+1050150]
	GetHandleVerifier [0x01426291+1049457]
	GetHandleVerifier [0x014310D7+1094071]
	GetHandleVerifier [0x01426B46+1051686]
	Ordinal0 [0x01215B06+1727238]
	Ordinal0 [0x0121EB7B+1764219]
	Ordinal0 [0x0121ECE3+1764579]
	Ordinal0 [0x01234C05+1854469]
	BaseThreadInitThunk [0x74ED8494+36]
	RtlAreBitsSet [0x778241C8+136]
	RtlAreBitsSet [0x77824198+88]
">
      <![CDATA[org.openqa.selenium.SessionNotCreatedException: session not created: This version of ChromeDriver only supports Chrome version 83
Build info: version: '3.141.59', revision: 'e82be7d358', time: '2018-11-14T08:17:03'
System info: host: 'ATMECSINLT-404', ip: '192.168.0.104', os.name: 'Windows 10', os.arch: 'amd64', os.version: '10.0', java.version: '1.8.0_241'
Driver info: driver.version: ChromeDriver
remote stacktrace: Backtrace:
Ordinal0 [0x01309563+2725219]
Ordinal0 [0x01208551+1672529]
Ordinal0 [0x010F0359+525145]
Ordinal0 [0x01080B77+68471]
Ordinal0 [0x0107D32C+54060]
Ordinal0 [0x0109CC37+183351]
Ordinal0 [0x0109CA3D+182845]
Ordinal0 [0x0109A94B+174411]
Ordinal0 [0x01082528+75048]
Ordinal0 [0x010835A0+79264]
Ordinal0 [0x01083539+79161]
Ordinal0 [0x0121D607+1758727]
GetHandleVerifier [0x01426546+1050150]
GetHandleVerifier [0x01426291+1049457]
GetHandleVerifier [0x014310D7+1094071]
GetHandleVerifier [0x01426B46+1051686]
Ordinal0 [0x01215B06+1727238]
Ordinal0 [0x0121EB7B+1764219]
Ordinal0 [0x0121ECE3+1764579]
Ordinal0 [0x01234C05+1854469]
BaseThreadInitThunk [0x74ED8494+36]
RtlAreBitsSet [0x778241C8+136]
RtlAreBitsSet [0x77824198+88]

at sun.reflect.NativeConstructorAccessorImpl.newInstance0(Native Method)
at sun.reflect.NativeConstructorAccessorImpl.newInstance(Unknown Source)
at sun.reflect.DelegatingConstructorAccessorImpl.newInstance(Unknown Source)
at java.lang.reflect.Constructor.newInstance(Unknown Source)
at org.openqa.selenium.remote.W3CHandshakeResponse.lambda$errorHandler$0(W3CHandshakeResponse.java:62)
at org.openqa.selenium.remote.HandshakeResponse.lambda$getResponseFunction$0(HandshakeResponse.java:30)
at org.openqa.selenium.remote.ProtocolHandshake.lambda$createSession$0(ProtocolHandshake.java:126)
at java.util.stream.ReferencePipeline$3$1.accept(Unknown Source)
at java.util.Spliterators$ArraySpliterator.tryAdvance(Unknown Source)
at java.util.stream.ReferencePipeline.forEachWithCancel(Unknown Source)
at java.util.stream.AbstractPipeline.copyIntoWithCancel(Unknown Source)
at java.util.stream.AbstractPipeline.copyInto(Unknown Source)
at java.util.stream.AbstractPipeline.wrapAndCopyInto(Unknown Source)
at java.util.stream.FindOps$FindOp.evaluateSequential(Unknown Source)
at java.util.stream.AbstractPipeline.evaluate(Unknown Source)
at java.util.stream.ReferencePipeline.findFirst(Unknown Source)
at org.openqa.selenium.remote.ProtocolHandshake.createSession(ProtocolHandshake.java:128)
at org.openqa.selenium.remote.ProtocolHandshake.createSession(ProtocolHandshake.java:74)
at org.openqa.selenium.remote.HttpCommandExecutor.execute(HttpCommandExecutor.java:136)
at org.openqa.selenium.remote.service.DriverCommandExecutor.execute(DriverCommandExecutor.java:83)
at org.openqa.selenium.remote.RemoteWebDriver.execute(RemoteWebDriver.java:552)
at org.openqa.selenium.remote.RemoteWebDriver.startSession(RemoteWebDriver.java:213)
at org.openqa.selenium.remote.RemoteWebDriver.<init>(RemoteWebDriver.java:131)
at org.openqa.selenium.chrome.ChromeDriver.<init>(ChromeDriver.java:181)
at org.openqa.selenium.chrome.ChromeDriver.<init>(ChromeDriver.java:168)
at org.openqa.selenium.chrome.ChromeDriver.<init>(ChromeDriver.java:123)
at com.atmecs.blazedemo_Paralleltest.DemoChrometest.beforeTest(DemoChrometest.java:19)
at sun.reflect.NativeMethodAccessorImpl.invoke0(Native Method)
at sun.reflect.NativeMethodAccessorImpl.invoke(Unknown Source)
at sun.reflect.DelegatingMethodAccessorImpl.invoke(Unknown Source)
at java.lang.reflect.Method.invoke(Unknown Source)
at org.testng.internal.MethodInvocationHelper.invokeMethod(MethodInvocationHelper.java:135)
at org.testng.internal.MethodInvocationHelper.invokeMethodConsideringTimeout(MethodInvocationHelper.java:64)
at org.testng.internal.ConfigInvoker.invokeConfigurationMethod(ConfigInvoker.java:364)
at org.testng.internal.ConfigInvoker.invokeConfigurations(ConfigInvoker.java:318)
at org.testng.TestRunner.invokeTestConfigurations(TestRunner.java:620)
at org.testng.TestRunner.beforeRun(TestRunner.java:610)
at org.testng.TestRunner.run(TestRunner.java:581)
at org.testng.SuiteRunner.runTest(SuiteRunner.java:384)
at org.testng.SuiteRunner.runSequentially(SuiteRunner.java:378)
at org.testng.SuiteRunner.privateRun(SuiteRunner.java:337)
at org.testng.SuiteRunner.run(SuiteRunner.java:286)
at org.testng.SuiteRunnerWorker.runSuite(SuiteRunnerWorker.java:53)
at org.testng.SuiteRunnerWorker.run(SuiteRunnerWorker.java:96)
at org.testng.TestNG.runSuitesSequentially(TestNG.java:1214)
at org.testng.TestNG.runSuitesLocally(TestNG.java:1136)
at org.testng.TestNG.runSuites(TestNG.java:1066)
at org.testng.TestNG.run(TestNG.java:1034)
at org.testng.remote.AbstractRemoteTestNG.run(AbstractRemoteTestNG.java:115)
at org.testng.remote.RemoteTestNG.initAndRun(RemoteTestNG.java:251)
at org.testng.remote.RemoteTestNG.main(RemoteTestNG.java:77)
]]>
    </error>
  </testcase> <!-- beforeTest -->
  <system-out/>
</testsuite> <!-- com.atmecs.blazedemo_Paralleltest.DemoChrometest -->
