<?xml version="1.0" encoding="UTF-8"?>
<!-- Generated by org.testng.reporters.JUnitXMLReporter -->
<testsuite hostname="ATMECSINLT-404" ignored="0" name="Chrometest" tests="1" failures="1" timestamp="2020-10-07T17:19:48 IST" time="3.881" errors="0">
  <testcase name="Titletest" time="3.811" classname="com.atmecs.blazedemo_automation.CrossBrowser">
    <failure type="org.openqa.selenium.SessionNotCreatedException" message="session not created: This version of ChromeDriver only supports Chrome version 83
Build info: version: &amp;apos;3.141.59&amp;apos;, revision: &amp;apos;e82be7d358&amp;apos;, time: &amp;apos;2018-11-14T08:17:03&amp;apos;
System info: host: &amp;apos;ATMECSINLT-404&amp;apos;, ip: &amp;apos;192.168.0.104&amp;apos;, os.name: &amp;apos;Windows 10&amp;apos;, os.arch: &amp;apos;amd64&amp;apos;, os.version: &amp;apos;10.0&amp;apos;, java.version: &amp;apos;1.8.0_241&amp;apos;
Driver info: driver.version: ChromeDriver
remote stacktrace: Backtrace:
	Ordinal0 [0x005E9563+2725219]
	Ordinal0 [0x004E8551+1672529]
	Ordinal0 [0x003D0359+525145]
	Ordinal0 [0x00360B77+68471]
	Ordinal0 [0x0035D32C+54060]
	Ordinal0 [0x0037CC37+183351]
	Ordinal0 [0x0037CA3D+182845]
	Ordinal0 [0x0037A94B+174411]
	Ordinal0 [0x00362528+75048]
	Ordinal0 [0x003635A0+79264]
	Ordinal0 [0x00363539+79161]
	Ordinal0 [0x004FD607+1758727]
	GetHandleVerifier [0x00706546+1050150]
	GetHandleVerifier [0x00706291+1049457]
	GetHandleVerifier [0x007110D7+1094071]
	GetHandleVerifier [0x00706B46+1051686]
	Ordinal0 [0x004F5B06+1727238]
	Ordinal0 [0x004FEB7B+1764219]
	Ordinal0 [0x004FECE3+1764579]
	Ordinal0 [0x00514C05+1854469]
	BaseThreadInitThunk [0x74ED8494+36]
	RtlAreBitsSet [0x778241C8+136]
	RtlAreBitsSet [0x77824198+88]
">
      <![CDATA[org.openqa.selenium.SessionNotCreatedException: session not created: This version of ChromeDriver only supports Chrome version 83
Build info: version: '3.141.59', revision: 'e82be7d358', time: '2018-11-14T08:17:03'
System info: host: 'ATMECSINLT-404', ip: '192.168.0.104', os.name: 'Windows 10', os.arch: 'amd64', os.version: '10.0', java.version: '1.8.0_241'
Driver info: driver.version: ChromeDriver
remote stacktrace: Backtrace:
Ordinal0 [0x005E9563+2725219]
Ordinal0 [0x004E8551+1672529]
Ordinal0 [0x003D0359+525145]
Ordinal0 [0x00360B77+68471]
Ordinal0 [0x0035D32C+54060]
Ordinal0 [0x0037CC37+183351]
Ordinal0 [0x0037CA3D+182845]
Ordinal0 [0x0037A94B+174411]
Ordinal0 [0x00362528+75048]
Ordinal0 [0x003635A0+79264]
Ordinal0 [0x00363539+79161]
Ordinal0 [0x004FD607+1758727]
GetHandleVerifier [0x00706546+1050150]
GetHandleVerifier [0x00706291+1049457]
GetHandleVerifier [0x007110D7+1094071]
GetHandleVerifier [0x00706B46+1051686]
Ordinal0 [0x004F5B06+1727238]
Ordinal0 [0x004FEB7B+1764219]
Ordinal0 [0x004FECE3+1764579]
Ordinal0 [0x00514C05+1854469]
BaseThreadInitThunk [0x74ED8494+36]
RtlAreBitsSet [0x778241C8+136]
RtlAreBitsSet [0x77824198+88]

at org.openqa.selenium.remote.W3CHandshakeResponse.lambda$errorHandler$0(W3CHandshakeResponse.java:62)
at org.openqa.selenium.remote.HandshakeResponse.lambda$getResponseFunction$0(HandshakeResponse.java:30)
at org.openqa.selenium.remote.ProtocolHandshake.lambda$createSession$0(ProtocolHandshake.java:126)
at java.util.stream.ReferencePipeline$3$1.accept(Unknown Source)
at java.util.Spliterators$ArraySpliterator.tryAdvance(Unknown Source)
at java.util.stream.ReferencePipeline.forEachWithCancel(Unknown Source)
at java.util.stream.AbstractPipeline.copyIntoWithCancel(Unknown Source)
at java.util.stream.AbstractPipeline.copyInto(Unknown Source)
at java.util.stream.AbstractPipeline.wrapAndCopyInto(Unknown Source)
at java.util.stream.FindOps$FindOp.evaluateSequential(Unknown Source)
at java.util.stream.AbstractPipeline.evaluate(Unknown Source)
at java.util.stream.ReferencePipeline.findFirst(Unknown Source)
at org.openqa.selenium.remote.ProtocolHandshake.createSession(ProtocolHandshake.java:128)
at org.openqa.selenium.remote.ProtocolHandshake.createSession(ProtocolHandshake.java:74)
at org.openqa.selenium.remote.HttpCommandExecutor.execute(HttpCommandExecutor.java:136)
at org.openqa.selenium.remote.service.DriverCommandExecutor.execute(DriverCommandExecutor.java:83)
at org.openqa.selenium.remote.RemoteWebDriver.execute(RemoteWebDriver.java:552)
at org.openqa.selenium.remote.RemoteWebDriver.startSession(RemoteWebDriver.java:213)
at org.openqa.selenium.remote.RemoteWebDriver.<init>(RemoteWebDriver.java:131)
at org.openqa.selenium.chrome.ChromeDriver.<init>(ChromeDriver.java:181)
at org.openqa.selenium.chrome.ChromeDriver.<init>(ChromeDriver.java:168)
at org.openqa.selenium.chrome.ChromeDriver.<init>(ChromeDriver.java:123)
at com.atmecs.blazedemo_automation.CrossBrowser.Titletest(CrossBrowser.java:31)
at java.util.ArrayList.forEach(Unknown Source)
at java.util.concurrent.FutureTask.run(Unknown Source)
at java.util.concurrent.ThreadPoolExecutor.runWorker(Unknown Source)
at java.util.concurrent.ThreadPoolExecutor$Worker.run(Unknown Source)
at java.lang.Thread.run(Unknown Source)
... Removed 22 stack frames]]>
    </failure>
  </testcase> <!-- Titletest -->
</testsuite> <!-- Chrometest -->
